
[00;31m#########################################################[00m
[00;31m#[00m [00;33mLocal Linux Enumeration & Privilege Escalation Script[00m [00;31m#[00m
[00;31m#########################################################[00m
[00;33m# www.rebootuser.com[00m
[00;33m# version 0.981[00m

[-] Debug Info
[00;33m[+] Thorough tests = Disabled[00m


[00;33mScan started at:
Thu Mar 19 13:03:44 UTC 2020
[00m

[00;33m### SYSTEM ##############################################[00m
[00;31m[-] Kernel information:[00m
Linux obscure 4.15.0-65-generic #74-Ubuntu SMP Tue Sep 17 17:06:04 UTC 2019 x86_64 x86_64 x86_64 GNU/Linux


[00;31m[-] Kernel information (continued):[00m
Linux version 4.15.0-65-generic (buildd@lgw01-amd64-006) (gcc version 7.4.0 (Ubuntu 7.4.0-1ubuntu1~18.04.1)) #74-Ubuntu SMP Tue Sep 17 17:06:04 UTC 2019


[00;31m[-] Specific release information:[00m
DISTRIB_ID=Ubuntu
DISTRIB_RELEASE=18.04
DISTRIB_CODENAME=bionic
DISTRIB_DESCRIPTION="Ubuntu 18.04.3 LTS"
NAME="Ubuntu"
VERSION="18.04.3 LTS (Bionic Beaver)"
ID=ubuntu
ID_LIKE=debian
PRETTY_NAME="Ubuntu 18.04.3 LTS"
VERSION_ID="18.04"
HOME_URL="https://www.ubuntu.com/"
SUPPORT_URL="https://help.ubuntu.com/"
BUG_REPORT_URL="https://bugs.launchpad.net/ubuntu/"
PRIVACY_POLICY_URL="https://www.ubuntu.com/legal/terms-and-policies/privacy-policy"
VERSION_CODENAME=bionic
UBUNTU_CODENAME=bionic


[00;31m[-] Hostname:[00m
obscure


[00;33m### USER/GROUP ##########################################[00m
[00;31m[-] Current user/group info:[00m
uid=33(www-data) gid=33(www-data) groups=33(www-data)


[00;31m[-] Users that have previously logged onto the system:[00m
Username         Port     From             Latest
root             tty1                      Mon Dec  2 09:53:03 +0000 2019
robert           pts/0    10.10.14.20      Thu Mar 19 07:41:06 +0000 2020


[00;31m[-] Who else is logged on:[00m
 13:03:44 up  5:23,  0 users,  load average: 0.22, 0.10, 0.03
USER     TTY      FROM             LOGIN@   IDLE   JCPU   PCPU WHAT


[00;31m[-] Group memberships:[00m
uid=0(root) gid=0(root) groups=0(root)
uid=1(daemon) gid=1(daemon) groups=1(daemon)
uid=2(bin) gid=2(bin) groups=2(bin)
uid=3(sys) gid=3(sys) groups=3(sys)
uid=4(sync) gid=65534(nogroup) groups=65534(nogroup)
uid=5(games) gid=60(games) groups=60(games)
uid=6(man) gid=12(man) groups=12(man)
uid=7(lp) gid=7(lp) groups=7(lp)
uid=8(mail) gid=8(mail) groups=8(mail)
uid=9(news) gid=9(news) groups=9(news)
uid=10(uucp) gid=10(uucp) groups=10(uucp)
uid=13(proxy) gid=13(proxy) groups=13(proxy)
uid=33(www-data) gid=33(www-data) groups=33(www-data)
uid=34(backup) gid=34(backup) groups=34(backup)
uid=38(list) gid=38(list) groups=38(list)
uid=39(irc) gid=39(irc) groups=39(irc)
uid=41(gnats) gid=41(gnats) groups=41(gnats)
uid=65534(nobody) gid=65534(nogroup) groups=65534(nogroup)
uid=100(systemd-network) gid=102(systemd-network) groups=102(systemd-network)
uid=101(systemd-resolve) gid=103(systemd-resolve) groups=103(systemd-resolve)
uid=102(syslog) gid=106(syslog) groups=106(syslog)
uid=103(messagebus) gid=107(messagebus) groups=107(messagebus)
uid=104(_apt) gid=65534(nogroup) groups=65534(nogroup)
uid=105(lxd) gid=65534(nogroup) groups=65534(nogroup)
uid=106(uuidd) gid=110(uuidd) groups=110(uuidd)
uid=107(dnsmasq) gid=65534(nogroup) groups=65534(nogroup)
uid=108(landscape) gid=112(landscape) groups=112(landscape)
uid=109(pollinate) gid=1(daemon) groups=1(daemon)
uid=110(sshd) gid=65534(nogroup) groups=65534(nogroup)
uid=1000(robert) gid=1000(robert) groups=1000(robert),4(adm),24(cdrom),30(dip),46(plugdev)


[00;31m[-] It looks like we have some admin users:[00m
uid=1000(robert) gid=1000(robert) groups=1000(robert),4(adm),24(cdrom),30(dip),46(plugdev)


[00;31m[-] Contents of /etc/passwd:[00m
root:x:0:0:root:/root:/bin/bash
daemon:x:1:1:daemon:/usr/sbin:/usr/sbin/nologin
bin:x:2:2:bin:/bin:/usr/sbin/nologin
sys:x:3:3:sys:/dev:/usr/sbin/nologin
sync:x:4:65534:sync:/bin:/bin/sync
games:x:5:60:games:/usr/games:/usr/sbin/nologin
man:x:6:12:man:/var/cache/man:/usr/sbin/nologin
lp:x:7:7:lp:/var/spool/lpd:/usr/sbin/nologin
mail:x:8:8:mail:/var/mail:/usr/sbin/nologin
news:x:9:9:news:/var/spool/news:/usr/sbin/nologin
uucp:x:10:10:uucp:/var/spool/uucp:/usr/sbin/nologin
proxy:x:13:13:proxy:/bin:/usr/sbin/nologin
www-data:x:33:33:www-data:/var/www:/usr/sbin/nologin
backup:x:34:34:backup:/var/backups:/usr/sbin/nologin
list:x:38:38:Mailing List Manager:/var/list:/usr/sbin/nologin
irc:x:39:39:ircd:/var/run/ircd:/usr/sbin/nologin
gnats:x:41:41:Gnats Bug-Reporting System (admin):/var/lib/gnats:/usr/sbin/nologin
nobody:x:65534:65534:nobody:/nonexistent:/usr/sbin/nologin
systemd-network:x:100:102:systemd Network Management,,,:/run/systemd/netif:/usr/sbin/nologin
systemd-resolve:x:101:103:systemd Resolver,,,:/run/systemd/resolve:/usr/sbin/nologin
syslog:x:102:106::/home/syslog:/usr/sbin/nologin
messagebus:x:103:107::/nonexistent:/usr/sbin/nologin
_apt:x:104:65534::/nonexistent:/usr/sbin/nologin
lxd:x:105:65534::/var/lib/lxd/:/bin/false
uuidd:x:106:110::/run/uuidd:/usr/sbin/nologin
dnsmasq:x:107:65534:dnsmasq,,,:/var/lib/misc:/usr/sbin/nologin
landscape:x:108:112::/var/lib/landscape:/usr/sbin/nologin
pollinate:x:109:1::/var/cache/pollinate:/bin/false
sshd:x:110:65534::/run/sshd:/usr/sbin/nologin
robert:x:1000:1000:robert:/home/robert:/bin/bash


[00;31m[-] Super user account(s):[00m
root


[00;31m[-] Are permissions on /home directories lax:[00m
total 12K
drwxr-xr-x  3 root   root   4.0K Sep 24 22:09 .
drwxr-xr-x 24 root   root   4.0K Oct  3 15:52 ..
drwxr-xr-x  7 robert robert 4.0K Dec  2 09:53 robert


[00;33m### ENVIRONMENTAL #######################################[00m
[00;31m[-] Environment information:[00m
LANG=en_US.UTF-8
OLDPWD=/
INVOCATION_ID=6f63047dc837424b9f33c8fb3b7200cb
USER=www-data
PWD=/tmp
HOME=/var/www
TERM=linux
SHLVL=3
LOGNAME=www-data
PATH=/usr/local/sbin:/usr/local/bin:/usr/sbin:/usr/bin:/sbin:/bin
_=/usr/bin/env


[00;31m[-] Path information:[00m
/usr/local/sbin:/usr/local/bin:/usr/sbin:/usr/bin:/sbin:/bin
drwxr-xr-x 2 root root  4096 Sep 24 22:08 /bin
drwxr-xr-x 2 root root 12288 Nov 25 11:05 /sbin
drwxr-xr-x 2 root root 20480 Oct  5 12:28 /usr/bin
drwxr-xr-x 2 root root  4096 Aug  5  2019 /usr/local/bin
drwxr-xr-x 2 root root  4096 Aug  5  2019 /usr/local/sbin
drwxr-xr-x 2 root root  4096 Oct  3 15:52 /usr/sbin


[00;31m[-] Available shells:[00m
# /etc/shells: valid login shells
/bin/sh
/bin/bash
/bin/rbash
/bin/dash
/usr/bin/tmux
/usr/bin/screen


[00;31m[-] Current umask value:[00m
0022
u=rwx,g=rx,o=rx


[00;31m[-] umask value as specified in /etc/login.defs:[00m
UMASK		022


[00;31m[-] Password and storage information:[00m
PASS_MAX_DAYS	99999
PASS_MIN_DAYS	0
PASS_WARN_AGE	7
ENCRYPT_METHOD SHA512


[00;33m### JOBS/TASKS ##########################################[00m
[00;31m[-] Cron jobs:[00m
-rw-r--r-- 1 root root  722 Nov 16  2017 /etc/crontab

/etc/cron.d:
total 20
drwxr-xr-x  2 root root 4096 Aug  5  2019 .
drwxr-xr-x 91 root root 4096 Dec  2 09:52 ..
-rw-r--r--  1 root root  589 Jan 30  2019 mdadm
-rw-r--r--  1 root root  102 Nov 16  2017 .placeholder
-rw-r--r--  1 root root  191 Aug  5  2019 popularity-contest

/etc/cron.daily:
total 60
drwxr-xr-x  2 root root 4096 Aug  5  2019 .
drwxr-xr-x 91 root root 4096 Dec  2 09:52 ..
-rwxr-xr-x  1 root root  376 Nov 20  2017 apport
-rwxr-xr-x  1 root root 1478 Apr 20  2018 apt-compat
-rwxr-xr-x  1 root root  355 Dec 29  2017 bsdmainutils
-rwxr-xr-x  1 root root 1176 Nov  2  2017 dpkg
-rwxr-xr-x  1 root root  372 Aug 21  2017 logrotate
-rwxr-xr-x  1 root root 1065 Apr  7  2018 man-db
-rwxr-xr-x  1 root root  539 Jan 30  2019 mdadm
-rwxr-xr-x  1 root root  538 Mar  1  2018 mlocate
-rwxr-xr-x  1 root root  249 Jan 25  2018 passwd
-rw-r--r--  1 root root  102 Nov 16  2017 .placeholder
-rwxr-xr-x  1 root root 3477 Feb 21  2018 popularity-contest
-rwxr-xr-x  1 root root  246 Mar 21  2018 ubuntu-advantage-tools
-rwxr-xr-x  1 root root  214 Nov 12  2018 update-notifier-common

/etc/cron.hourly:
total 12
drwxr-xr-x  2 root root 4096 Aug  5  2019 .
drwxr-xr-x 91 root root 4096 Dec  2 09:52 ..
-rw-r--r--  1 root root  102 Nov 16  2017 .placeholder

/etc/cron.monthly:
total 12
drwxr-xr-x  2 root root 4096 Aug  5  2019 .
drwxr-xr-x 91 root root 4096 Dec  2 09:52 ..
-rw-r--r--  1 root root  102 Nov 16  2017 .placeholder

/etc/cron.weekly:
total 20
drwxr-xr-x  2 root root 4096 Aug  5  2019 .
drwxr-xr-x 91 root root 4096 Dec  2 09:52 ..
-rwxr-xr-x  1 root root  723 Apr  7  2018 man-db
-rw-r--r--  1 root root  102 Nov 16  2017 .placeholder
-rwxr-xr-x  1 root root  211 Nov 12  2018 update-notifier-common


[00;31m[-] Crontab contents:[00m
# /etc/crontab: system-wide crontab
# Unlike any other crontab you don't have to run the `crontab'
# command to install the new version when you edit this file
# and files in /etc/cron.d. These files also have username fields,
# that none of the other crontabs do.

SHELL=/bin/sh
PATH=/usr/local/sbin:/usr/local/bin:/sbin:/bin:/usr/sbin:/usr/bin

# m h dom mon dow user	command
17 *	* * *	root    cd / && run-parts --report /etc/cron.hourly
25 6	* * *	root	test -x /usr/sbin/anacron || ( cd / && run-parts --report /etc/cron.daily )
47 6	* * 7	root	test -x /usr/sbin/anacron || ( cd / && run-parts --report /etc/cron.weekly )
52 6	1 * *	root	test -x /usr/sbin/anacron || ( cd / && run-parts --report /etc/cron.monthly )
#


[00;31m[-] Systemd timers:[00m
NEXT                         LEFT          LAST                         PASSED       UNIT                         ACTIVATES
Thu 2020-03-19 17:40:04 UTC  4h 36min left Thu 2020-03-19 07:40:31 UTC  5h 23min ago motd-news.timer              motd-news.service
Fri 2020-03-20 03:27:58 UTC  14h left      Thu 2020-03-19 07:40:31 UTC  5h 23min ago apt-daily.timer              apt-daily.service
Fri 2020-03-20 06:01:46 UTC  16h left      Thu 2020-03-19 07:40:31 UTC  5h 23min ago apt-daily-upgrade.timer      apt-daily-upgrade.service
Fri 2020-03-20 07:55:28 UTC  18h left      Thu 2020-03-19 07:55:28 UTC  5h 8min ago  systemd-tmpfiles-clean.timer systemd-tmpfiles-clean.service
Mon 2020-03-23 00:00:00 UTC  3 days left   Thu 2020-03-19 07:40:31 UTC  5h 23min ago fstrim.timer                 fstrim.service

5 timers listed.
[2mEnable thorough tests to see inactive timers[00m


[00;33m### NETWORKING  ##########################################[00m
[00;31m[-] Network and IP info:[00m
ens160: flags=4163<UP,BROADCAST,RUNNING,MULTICAST>  mtu 1500
        inet 10.10.10.168  netmask 255.255.255.0  broadcast 10.10.10.255
        inet6 dead:beef::250:56ff:feb9:1a62  prefixlen 64  scopeid 0x0<global>
        inet6 fe80::250:56ff:feb9:1a62  prefixlen 64  scopeid 0x20<link>
        ether 00:50:56:b9:1a:62  txqueuelen 1000  (Ethernet)
        RX packets 897538  bytes 87610194 (87.6 MB)
        RX errors 0  dropped 133  overruns 0  frame 0
        TX packets 673561  bytes 95752950 (95.7 MB)
        TX errors 0  dropped 0 overruns 0  carrier 0  collisions 0

lo: flags=73<UP,LOOPBACK,RUNNING>  mtu 65536
        inet 127.0.0.1  netmask 255.0.0.0
        inet6 ::1  prefixlen 128  scopeid 0x10<host>
        loop  txqueuelen 1000  (Local Loopback)
        RX packets 58683  bytes 4233114 (4.2 MB)
        RX errors 0  dropped 0  overruns 0  frame 0
        TX packets 58683  bytes 4233114 (4.2 MB)
        TX errors 0  dropped 0 overruns 0  carrier 0  collisions 0


[00;31m[-] ARP history:[00m
_gateway (10.10.10.2) at 00:50:56:b9:0b:45 [ether] on ens160


[00;31m[-] Nameserver(s):[00m
nameserver 127.0.0.53


[00;31m[-] Nameserver(s):[00m
Global
          DNSSEC NTA: 10.in-addr.arpa
                      16.172.in-addr.arpa
                      168.192.in-addr.arpa
                      17.172.in-addr.arpa
                      18.172.in-addr.arpa
                      19.172.in-addr.arpa
                      20.172.in-addr.arpa
                      21.172.in-addr.arpa
                      22.172.in-addr.arpa
                      23.172.in-addr.arpa
                      24.172.in-addr.arpa
                      25.172.in-addr.arpa
                      26.172.in-addr.arpa
                      27.172.in-addr.arpa
                      28.172.in-addr.arpa
                      29.172.in-addr.arpa
                      30.172.in-addr.arpa
                      31.172.in-addr.arpa
                      corp
                      d.f.ip6.arpa
                      home
                      internal
                      intranet
                      lan
                      local
                      private
                      test

Link 2 (ens160)
      Current Scopes: none
       LLMNR setting: yes
MulticastDNS setting: no
      DNSSEC setting: no
    DNSSEC supported: no


[00;31m[-] Default route:[00m
default         _gateway        0.0.0.0         UG    0      0        0 ens160


[00;31m[-] Listening TCP:[00m
Active Internet connections (only servers)
Proto Recv-Q Send-Q Local Address           Foreign Address         State       PID/Program name    
tcp        0      0 0.0.0.0:8080            0.0.0.0:*               LISTEN      1511/python3        
tcp        0      0 127.0.0.53:53           0.0.0.0:*               LISTEN      -                   
tcp        0      0 0.0.0.0:22              0.0.0.0:*               LISTEN      -                   
tcp        0      0 0.0.0.0:12345           0.0.0.0:*               LISTEN      8066/nc             
tcp6       0      0 :::22                   :::*                    LISTEN      -                   


[00;31m[-] Listening UDP:[00m
Active Internet connections (only servers)
Proto Recv-Q Send-Q Local Address           Foreign Address         State       PID/Program name    
udp        0      0 127.0.0.53:53           0.0.0.0:*                           -                   


[00;33m### SERVICES #############################################[00m
[00;31m[-] Running processes:[00m
USER        PID %CPU %MEM    VSZ   RSS TTY      STAT START   TIME COMMAND
root          1  0.0  0.2  77664  8912 ?        Ss   07:40   0:05 /sbin/init maybe-ubiquity
root          2  0.0  0.0      0     0 ?        S    07:40   0:00 [kthreadd]
root          4  0.0  0.0      0     0 ?        I<   07:40   0:00 [kworker/0:0H]
root          6  0.0  0.0      0     0 ?        I<   07:40   0:00 [mm_percpu_wq]
root          7  0.0  0.0      0     0 ?        S    07:40   0:01 [ksoftirqd/0]
root          8  0.0  0.0      0     0 ?        I    07:40   0:07 [rcu_sched]
root          9  0.0  0.0      0     0 ?        I    07:40   0:00 [rcu_bh]
root         10  0.0  0.0      0     0 ?        S    07:40   0:00 [migration/0]
root         11  0.0  0.0      0     0 ?        S    07:40   0:00 [watchdog/0]
root         12  0.0  0.0      0     0 ?        S    07:40   0:00 [cpuhp/0]
root         13  0.0  0.0      0     0 ?        S    07:40   0:00 [cpuhp/1]
root         14  0.0  0.0      0     0 ?        S    07:40   0:00 [watchdog/1]
root         15  0.0  0.0      0     0 ?        S    07:40   0:00 [migration/1]
root         16  0.0  0.0      0     0 ?        S    07:40   0:00 [ksoftirqd/1]
root         18  0.0  0.0      0     0 ?        I<   07:40   0:00 [kworker/1:0H]
root         19  0.0  0.0      0     0 ?        S    07:40   0:00 [kdevtmpfs]
root         20  0.0  0.0      0     0 ?        I<   07:40   0:00 [netns]
root         21  0.0  0.0      0     0 ?        S    07:40   0:00 [rcu_tasks_kthre]
root         22  0.0  0.0      0     0 ?        S    07:40   0:00 [kauditd]
root         24  0.0  0.0      0     0 ?        S    07:40   0:00 [khungtaskd]
root         25  0.0  0.0      0     0 ?        S    07:40   0:00 [oom_reaper]
root         26  0.0  0.0      0     0 ?        I<   07:40   0:00 [writeback]
root         27  0.0  0.0      0     0 ?        S    07:40   0:00 [kcompactd0]
root         28  0.0  0.0      0     0 ?        SN   07:40   0:00 [ksmd]
root         29  0.0  0.0      0     0 ?        SN   07:40   0:00 [khugepaged]
root         30  0.0  0.0      0     0 ?        I<   07:40   0:00 [crypto]
root         31  0.0  0.0      0     0 ?        I<   07:40   0:00 [kintegrityd]
root         32  0.0  0.0      0     0 ?        I<   07:40   0:00 [kblockd]
root         33  0.0  0.0      0     0 ?        I<   07:40   0:00 [ata_sff]
root         34  0.0  0.0      0     0 ?        I<   07:40   0:00 [md]
root         35  0.0  0.0      0     0 ?        I<   07:40   0:00 [edac-poller]
root         36  0.0  0.0      0     0 ?        I<   07:40   0:00 [devfreq_wq]
root         37  0.0  0.0      0     0 ?        I<   07:40   0:00 [watchdogd]
root         39  0.0  0.0      0     0 ?        I    07:40   0:10 [kworker/1:1]
root         41  0.0  0.0      0     0 ?        S    07:40   0:00 [kswapd0]
root         42  0.0  0.0      0     0 ?        I<   07:40   0:00 [kworker/u257:0]
root         43  0.0  0.0      0     0 ?        S    07:40   0:00 [ecryptfs-kthrea]
root         85  0.0  0.0      0     0 ?        I<   07:40   0:00 [kthrotld]
root         86  0.0  0.0      0     0 ?        I<   07:40   0:00 [acpi_thermal_pm]
root         87  0.0  0.0      0     0 ?        S    07:40   0:00 [scsi_eh_0]
root         88  0.0  0.0      0     0 ?        I<   07:40   0:00 [scsi_tmf_0]
root         89  0.0  0.0      0     0 ?        S    07:40   0:00 [scsi_eh_1]
root         90  0.0  0.0      0     0 ?        I<   07:40   0:00 [scsi_tmf_1]
root         96  0.0  0.0      0     0 ?        I<   07:40   0:00 [ipv6_addrconf]
root        105  0.0  0.0      0     0 ?        I<   07:40   0:00 [kstrp]
root        122  0.0  0.0      0     0 ?        I<   07:40   0:00 [charger_manager]
root        173  0.0  0.0      0     0 ?        I<   07:40   0:00 [mpt_poll_0]
root        174  0.0  0.0      0     0 ?        I<   07:40   0:00 [mpt/0]
root        213  0.0  0.0      0     0 ?        I<   07:40   0:00 [kworker/1:1H]
root        214  0.0  0.0      0     0 ?        S    07:40   0:00 [scsi_eh_2]
root        215  0.0  0.0      0     0 ?        I<   07:40   0:00 [scsi_tmf_2]
root        216  0.0  0.0      0     0 ?        I<   07:40   0:00 [ttm_swap]
root        217  0.0  0.0      0     0 ?        S    07:40   0:00 [irq/16-vmwgfx]
root        219  0.0  0.0      0     0 ?        I<   07:40   0:00 [kworker/0:1H]
root        287  0.0  0.0      0     0 ?        I<   07:40   0:00 [raid5wq]
root        336  0.0  0.0      0     0 ?        S    07:40   0:00 [jbd2/sda2-8]
root        337  0.0  0.0      0     0 ?        I<   07:40   0:00 [ext4-rsv-conver]
root        403  0.0  0.5 127652 16892 ?        S<s  07:40   0:01 /lib/systemd/systemd-journald
root        417  0.0  0.0  97708  1712 ?        Ss   07:40   0:00 /sbin/lvmetad -f
root        426  0.0  0.0      0     0 ?        I<   07:40   0:00 [iscsi_eh]
root        427  0.0  0.0      0     0 ?        I<   07:40   0:00 [ib-comp-wq]
root        430  0.0  0.2  47800  6676 ?        Ss   07:40   0:03 /lib/systemd/systemd-udevd
root        431  0.0  0.0      0     0 ?        I<   07:40   0:00 [ib_mcast]
root        432  0.0  0.0      0     0 ?        I<   07:40   0:00 [ib_nl_sa_wq]
root        446  0.0  0.0      0     0 ?        I<   07:40   0:00 [rdma_cm]
root        457  0.0  0.0      0     0 ?        S<   07:40   0:00 [loop0]
root        458  0.0  0.0      0     0 ?        S<   07:40   0:00 [loop1]
systemd+    534  0.0  0.1 141928  3360 ?        Ssl  07:40   0:01 /lib/systemd/systemd-timesyncd
root        535  0.0  0.3  88224  9708 ?        Ss   07:40   0:00 /usr/bin/VGAuthService
root        536  0.0  0.0      0     0 ?        I    07:40   0:02 [kworker/0:3]
root        590  0.0  0.3 118104 11564 ?        Ss   07:40   0:12 /usr/bin/vmtoolsd
systemd+    768  0.0  0.1  71848  5328 ?        Ss   07:40   0:00 /lib/systemd/systemd-networkd
systemd+    817  0.0  0.1  70628  5136 ?        Ss   07:40   0:01 /lib/systemd/systemd-resolved
syslog      983  0.0  0.1 263036  5044 ?        Ssl  07:40   0:00 /usr/sbin/rsyslogd -n
daemon      984  0.0  0.0  28332  2460 ?        Ss   07:40   0:00 /usr/sbin/atd -f
root        995  0.0  0.0 531032  2132 ?        Ssl  07:40   0:02 /usr/bin/lxcfs /var/lib/lxcfs/
root       1008  0.0  0.5 169096 17256 ?        Ssl  07:40   0:00 /usr/bin/python3 /usr/bin/networkd-dispatcher --run-startup-triggers
message+   1010  0.0  0.1  50132  4640 ?        Ss   07:40   0:00 /usr/bin/dbus-daemon --system --address=systemd: --nofork --nopidfile --systemd-activation --syslog-only
root       1049  0.0  0.8 853600 24808 ?        Ssl  07:40   0:01 /usr/lib/snapd/snapd
root       1050  0.0  0.1  70584  5900 ?        Ss   07:40   0:00 /lib/systemd/systemd-logind
root       1071  0.0  0.0 110544  2104 ?        Ssl  07:40   0:00 /usr/sbin/irqbalance --foreground
root       1079  0.0  0.2 286356  7052 ?        Ssl  07:40   0:00 /usr/lib/accountsservice/accounts-daemon
root       1133  0.0  0.1  30028  3232 ?        Ss   07:40   0:00 /usr/sbin/cron -f
root       1170  0.0  0.6 185944 20152 ?        Ssl  07:40   0:00 /usr/bin/python3 /usr/share/unattended-upgrades/unattended-upgrade-shutdown --wait-for-signal
root       1195  0.0  0.2 288880  6652 ?        Ssl  07:40   0:00 /usr/lib/policykit-1/polkitd --no-debug
root       1228  0.0  0.1  20048  3544 ?        S    07:40   0:00 /bin/bash /var/SuperSecureServer/keepalive.sh
root       1244  0.0  0.2  72296  6492 ?        Ss   07:40   0:00 /usr/sbin/sshd -D
root       1263  0.0  0.0  14888  2012 ?        Ss   07:40   0:00 /sbin/agetty -o -p -- \u --noclear tty1 linux
www-data   1510  0.0  0.1  20048  3556 tty1     Ss   07:40   0:00 /bin/bash /var/SuperSecureServer/init.sh
www-data   1511  0.5  0.5 862196 17360 tty1     Sl+  07:40   1:52 /usr/bin/python3 /var/SuperSecureServer/main.py
root       2094  0.0  0.0      0     0 ?        I    07:55   0:00 [kworker/1:0]
root       3426  0.0  0.0      0     0 ?        I    10:05   0:00 [kworker/0:0]
www-data   7923  0.0  0.1  20180  4012 pts/0    Ss   12:35   0:00 /bin/bash
www-data   8013  0.0  0.1  22568  4520 pts/0    S+   12:42   0:00 nano linenum.sh
www-data   8025  0.0  0.1  20180  3952 pts/1    Ss   12:43   0:00 /bin/bash
www-data   8066  0.0  0.0  13596  1104 pts/1    S+   12:46   0:00 nc -lvp 12345
root       8128  0.0  0.0      0     0 ?        I    12:52   0:00 [kworker/u256:2]
root       8129  0.0  0.0      0     0 ?        I    12:52   0:00 [kworker/u256:3]
root       8191  0.0  0.0      0     0 ?        I    12:57   0:00 [kworker/u256:0]
www-data   8777  0.0  0.1  20180  3720 pts/2    Ss   13:03   0:00 /bin/bash
www-data   8786  0.0  0.1  20972  4508 pts/2    S+   13:03   0:00 /bin/bash ./linenum.sh
www-data   8787  0.1  0.1  20972  3076 pts/2    S+   13:03   0:00 /bin/bash ./linenum.sh
www-data   8788  0.0  0.0   6180   844 pts/2    S+   13:03   0:00 tee -a
root       8864  0.0  0.0   6176   836 ?        S    13:03   0:00 sleep 30
www-data   8975  0.0  0.0  20972  2888 pts/2    S+   13:03   0:00 /bin/bash ./linenum.sh
www-data   8976  0.0  0.1  38372  3716 pts/2    R+   13:03   0:00 ps aux


[00;31m[-] Process binaries and associated permissions (from above list):[00m
-rwxr-xr-x 1 root root  1113504 Jun  6  2019 /bin/bash
-rwxr-xr-x 1 root root   129096 Sep  5  2019 /lib/systemd/systemd-journald
-rwxr-xr-x 1 root root   219272 Sep  5  2019 /lib/systemd/systemd-logind
-rwxr-xr-x 1 root root  1625168 Sep  5  2019 /lib/systemd/systemd-networkd
-rwxr-xr-x 1 root root   378944 Sep  5  2019 /lib/systemd/systemd-resolved
-rwxr-xr-x 1 root root    38976 Sep  5  2019 /lib/systemd/systemd-timesyncd
-rwxr-xr-x 1 root root   584136 Sep  5  2019 /lib/systemd/systemd-udevd
-rwxr-xr-x 1 root root    56552 Oct 15  2018 /sbin/agetty
lrwxrwxrwx 1 root root       20 Sep  5  2019 /sbin/init -> /lib/systemd/systemd
-rwxr-xr-x 1 root root    84104 Jun  4  2019 /sbin/lvmetad
-rwxr-xr-x 1 root root   236584 Jun 10  2019 /usr/bin/dbus-daemon
-rwxr-xr-x 1 root root    18504 Nov 23  2018 /usr/bin/lxcfs
lrwxrwxrwx 1 root root        9 Oct 25  2018 /usr/bin/python3 -> python3.6
-rwxr-xr-x 1 root root   125144 May 14  2019 /usr/bin/VGAuthService
-rwxr-xr-x 1 root root    51456 May 14  2019 /usr/bin/vmtoolsd
-rwxr-xr-x 1 root root   182552 Dec 18  2017 /usr/lib/accountsservice/accounts-daemon
-rwxr-xr-x 1 root root    14552 Mar 27  2019 /usr/lib/policykit-1/polkitd
-rwxr-xr-x 1 root root 17572456 Jun  5  2019 /usr/lib/snapd/snapd
-rwxr-xr-x 1 root root    26632 Feb 20  2018 /usr/sbin/atd
-rwxr-xr-x 1 root root    47416 Nov 16  2017 /usr/sbin/cron
-rwxr-xr-x 1 root root    64184 Jan  9  2019 /usr/sbin/irqbalance
-rwxr-xr-x 1 root root   680488 Apr 24  2018 /usr/sbin/rsyslogd
-rwxr-xr-x 1 root root   786856 Mar  4  2019 /usr/sbin/sshd


[00;31m[-] /etc/init.d/ binary permissions:[00m
total 176
drwxr-xr-x  2 root root 4096 Nov 25 11:05 .
drwxr-xr-x 91 root root 4096 Dec  2 09:52 ..
-rwxr-xr-x  1 root root 2269 Apr 22  2017 acpid
-rwxr-xr-x  1 root root 4335 Mar 22  2018 apparmor
-rwxr-xr-x  1 root root 2802 Nov 20  2017 apport
-rwxr-xr-x  1 root root 1071 Aug 21  2015 atd
-rwxr-xr-x  1 root root 1232 Apr 19  2018 console-setup.sh
-rwxr-xr-x  1 root root 3049 Nov 16  2017 cron
-rwxr-xr-x  1 root root  937 Mar 18  2018 cryptdisks
-rwxr-xr-x  1 root root  978 Mar 18  2018 cryptdisks-early
-rwxr-xr-x  1 root root 2813 Nov 15  2017 dbus
-rwxr-xr-x  1 root root 4489 Jun 28  2018 ebtables
-rwxr-xr-x  1 root root  985 Mar 18  2019 grub-common
-rwxr-xr-x  1 root root 3809 Feb 14  2018 hwclock.sh
-rwxr-xr-x  1 root root 2444 Oct 25  2017 irqbalance
-rwxr-xr-x  1 root root 1503 Dec 12  2018 iscsid
-rwxr-xr-x  1 root root 1479 Feb 15  2018 keyboard-setup.sh
-rwxr-xr-x  1 root root 2044 Aug 15  2017 kmod
-rwxr-xr-x  1 root root  695 Dec  3  2017 lvm2
-rwxr-xr-x  1 root root  571 Dec  3  2017 lvm2-lvmetad
-rwxr-xr-x  1 root root  586 Dec  3  2017 lvm2-lvmpolld
-rwxr-xr-x  1 root root 2378 Nov 23  2018 lxcfs
-rwxr-xr-x  1 root root 2240 Nov 23  2018 lxd
-rwxr-xr-x  1 root root 2653 Jan 30  2019 mdadm
-rwxr-xr-x  1 root root 1249 Jan 30  2019 mdadm-waitidle
-rwxr-xr-x  1 root root 4597 Nov 25  2016 networking
-rwxr-xr-x  1 root root 2503 Dec 12  2018 open-iscsi
-rwxr-xr-x  1 root root 1846 Apr  5  2019 open-vm-tools
-rwxr-xr-x  1 root root 1366 Apr  4  2019 plymouth
-rwxr-xr-x  1 root root  752 Apr  4  2019 plymouth-log
-rwxr-xr-x  1 root root 1191 Jan 17  2018 procps
-rwxr-xr-x  1 root root 4355 Dec 13  2017 rsync
-rwxr-xr-x  1 root root 2864 Jan 14  2018 rsyslog
-rwxr-xr-x  1 root root 1222 May 21  2017 screen-cleanup
-rwxr-xr-x  1 root root 3837 Jan 25  2018 ssh
-rwxr-xr-x  1 root root 5974 Apr 20  2018 udev
-rwxr-xr-x  1 root root 2083 Aug 15  2017 ufw
-rwxr-xr-x  1 root root 1391 Apr 29  2019 unattended-upgrades
-rwxr-xr-x  1 root root 1306 Oct 15  2018 uuidd


[00;31m[-] /lib/systemd/* config file permissions:[00m
/lib/systemd/:
total 7.3M
drwxr-xr-x 22 root root  40K Nov 25 11:05 system
drwxr-xr-x  2 root root 4.0K Sep 24 22:08 system-generators
drwxr-xr-x  2 root root 4.0K Sep 24 22:08 system-preset
drwxr-xr-x  2 root root 4.0K Sep 24 22:08 network
-rw-r--r--  1 root root 2.3M Sep  5  2019 libsystemd-shared-237.so
-rw-r--r--  1 root root  699 Sep  5  2019 resolv.conf
-rwxr-xr-x  1 root root 1.3K Sep  5  2019 set-cpufreq
-rwxr-xr-x  1 root root 1.6M Sep  5  2019 systemd
-rwxr-xr-x  1 root root 6.0K Sep  5  2019 systemd-ac-power
-rwxr-xr-x  1 root root  18K Sep  5  2019 systemd-backlight
-rwxr-xr-x  1 root root  11K Sep  5  2019 systemd-binfmt
-rwxr-xr-x  1 root root  10K Sep  5  2019 systemd-cgroups-agent
-rwxr-xr-x  1 root root  22K Sep  5  2019 systemd-cryptsetup
-rwxr-xr-x  1 root root  15K Sep  5  2019 systemd-dissect
-rwxr-xr-x  1 root root  18K Sep  5  2019 systemd-fsck
-rwxr-xr-x  1 root root  23K Sep  5  2019 systemd-fsckd
-rwxr-xr-x  1 root root  19K Sep  5  2019 systemd-growfs
-rwxr-xr-x  1 root root  10K Sep  5  2019 systemd-hibernate-resume
-rwxr-xr-x  1 root root  23K Sep  5  2019 systemd-hostnamed
-rwxr-xr-x  1 root root  15K Sep  5  2019 systemd-initctl
-rwxr-xr-x  1 root root 127K Sep  5  2019 systemd-journald
-rwxr-xr-x  1 root root  35K Sep  5  2019 systemd-localed
-rwxr-xr-x  1 root root 215K Sep  5  2019 systemd-logind
-rwxr-xr-x  1 root root  10K Sep  5  2019 systemd-makefs
-rwxr-xr-x  1 root root  15K Sep  5  2019 systemd-modules-load
-rwxr-xr-x  1 root root 1.6M Sep  5  2019 systemd-networkd
-rwxr-xr-x  1 root root  19K Sep  5  2019 systemd-networkd-wait-online
-rwxr-xr-x  1 root root  11K Sep  5  2019 systemd-quotacheck
-rwxr-xr-x  1 root root  10K Sep  5  2019 systemd-random-seed
-rwxr-xr-x  1 root root  15K Sep  5  2019 systemd-remount-fs
-rwxr-xr-x  1 root root  10K Sep  5  2019 systemd-reply-password
-rwxr-xr-x  1 root root 371K Sep  5  2019 systemd-resolved
-rwxr-xr-x  1 root root  19K Sep  5  2019 systemd-rfkill
-rwxr-xr-x  1 root root  43K Sep  5  2019 systemd-shutdown
-rwxr-xr-x  1 root root  19K Sep  5  2019 systemd-sleep
-rwxr-xr-x  1 root root  23K Sep  5  2019 systemd-socket-proxyd
-rwxr-xr-x  1 root root  11K Sep  5  2019 systemd-sulogin-shell
-rwxr-xr-x  1 root root  15K Sep  5  2019 systemd-sysctl
-rwxr-xr-x  1 root root  27K Sep  5  2019 systemd-timedated
-rwxr-xr-x  1 root root  39K Sep  5  2019 systemd-timesyncd
-rwxr-xr-x  1 root root 571K Sep  5  2019 systemd-udevd
-rwxr-xr-x  1 root root  15K Sep  5  2019 systemd-update-utmp
-rwxr-xr-x  1 root root  10K Sep  5  2019 systemd-user-sessions
-rwxr-xr-x  1 root root  10K Sep  5  2019 systemd-veritysetup
-rwxr-xr-x  1 root root  10K Sep  5  2019 systemd-volatile-root
drwxr-xr-x  2 root root 4.0K Aug  5  2019 system-sleep
drwxr-xr-x  2 root root 4.0K Aug  5  2019 system-shutdown
-rwxr-xr-x  1 root root 1.3K Jul 22  2019 systemd-sysv-install

/lib/systemd/system:
total 1020K
drwxr-xr-x 2 root root 4.0K Sep 24 22:08 multi-user.target.wants
drwxr-xr-x 2 root root 4.0K Sep 24 22:08 rescue.target.wants
drwxr-xr-x 2 root root 4.0K Sep 24 22:08 sockets.target.wants
drwxr-xr-x 2 root root 4.0K Sep 24 22:08 sysinit.target.wants
drwxr-xr-x 2 root root 4.0K Sep 24 22:08 timers.target.wants
drwxr-xr-x 2 root root 4.0K Sep 24 22:08 getty.target.wants
drwxr-xr-x 2 root root 4.0K Sep 24 22:08 graphical.target.wants
drwxr-xr-x 2 root root 4.0K Sep 24 22:08 local-fs.target.wants
drwxr-xr-x 2 root root 4.0K Sep 24 22:08 rc-local.service.d
drwxr-xr-x 2 root root 4.0K Sep 24 22:08 user@.service.d
lrwxrwxrwx 1 root root   14 Sep  5  2019 autovt@.service -> getty@.service
lrwxrwxrwx 1 root root    9 Sep  5  2019 bootlogd.service -> /dev/null
lrwxrwxrwx 1 root root    9 Sep  5  2019 bootlogs.service -> /dev/null
lrwxrwxrwx 1 root root    9 Sep  5  2019 bootmisc.service -> /dev/null
lrwxrwxrwx 1 root root    9 Sep  5  2019 checkfs.service -> /dev/null
lrwxrwxrwx 1 root root    9 Sep  5  2019 checkroot-bootclean.service -> /dev/null
lrwxrwxrwx 1 root root    9 Sep  5  2019 checkroot.service -> /dev/null
-rw-r--r-- 1 root root 1.1K Sep  5  2019 console-getty.service
-rw-r--r-- 1 root root 1.3K Sep  5  2019 container-getty@.service
lrwxrwxrwx 1 root root    9 Sep  5  2019 cryptdisks-early.service -> /dev/null
lrwxrwxrwx 1 root root    9 Sep  5  2019 cryptdisks.service -> /dev/null
lrwxrwxrwx 1 root root   13 Sep  5  2019 ctrl-alt-del.target -> reboot.target
lrwxrwxrwx 1 root root   25 Sep  5  2019 dbus-org.freedesktop.hostname1.service -> systemd-hostnamed.service
lrwxrwxrwx 1 root root   23 Sep  5  2019 dbus-org.freedesktop.locale1.service -> systemd-localed.service
lrwxrwxrwx 1 root root   22 Sep  5  2019 dbus-org.freedesktop.login1.service -> systemd-logind.service
lrwxrwxrwx 1 root root   25 Sep  5  2019 dbus-org.freedesktop.timedate1.service -> systemd-timedated.service
-rw-r--r-- 1 root root 1.1K Sep  5  2019 debug-shell.service
lrwxrwxrwx 1 root root   16 Sep  5  2019 default.target -> graphical.target
-rw-r--r-- 1 root root  797 Sep  5  2019 emergency.service
lrwxrwxrwx 1 root root    9 Sep  5  2019 fuse.service -> /dev/null
-rw-r--r-- 1 root root 2.0K Sep  5  2019 getty@.service
lrwxrwxrwx 1 root root    9 Sep  5  2019 halt.service -> /dev/null
lrwxrwxrwx 1 root root    9 Sep  5  2019 hostname.service -> /dev/null
lrwxrwxrwx 1 root root    9 Sep  5  2019 hwclock.service -> /dev/null
-rw-r--r-- 1 root root  670 Sep  5  2019 initrd-cleanup.service
-rw-r--r-- 1 root root  830 Sep  5  2019 initrd-parse-etc.service
-rw-r--r-- 1 root root  589 Sep  5  2019 initrd-switch-root.service
-rw-r--r-- 1 root root  704 Sep  5  2019 initrd-udevadm-cleanup-db.service
lrwxrwxrwx 1 root root    9 Sep  5  2019 killprocs.service -> /dev/null
lrwxrwxrwx 1 root root   28 Sep  5  2019 kmod.service -> systemd-modules-load.service
-rw-r--r-- 1 root root  717 Sep  5  2019 kmod-static-nodes.service
lrwxrwxrwx 1 root root   28 Sep  5  2019 module-init-tools.service -> systemd-modules-load.service
lrwxrwxrwx 1 root root    9 Sep  5  2019 motd.service -> /dev/null
lrwxrwxrwx 1 root root    9 Sep  5  2019 mountall-bootclean.service -> /dev/null
lrwxrwxrwx 1 root root    9 Sep  5  2019 mountall.service -> /dev/null
lrwxrwxrwx 1 root root    9 Sep  5  2019 mountdevsubfs.service -> /dev/null
lrwxrwxrwx 1 root root    9 Sep  5  2019 mountkernfs.service -> /dev/null
lrwxrwxrwx 1 root root    9 Sep  5  2019 mountnfs-bootclean.service -> /dev/null
lrwxrwxrwx 1 root root    9 Sep  5  2019 mountnfs.service -> /dev/null
lrwxrwxrwx 1 root root   22 Sep  5  2019 procps.service -> systemd-sysctl.service
-rw-r--r-- 1 root root  609 Sep  5  2019 quotaon.service
-rw-r--r-- 1 root root  716 Sep  5  2019 rc-local.service
lrwxrwxrwx 1 root root   16 Sep  5  2019 rc.local.service -> rc-local.service
lrwxrwxrwx 1 root root    9 Sep  5  2019 rc.service -> /dev/null
lrwxrwxrwx 1 root root    9 Sep  5  2019 rcS.service -> /dev/null
lrwxrwxrwx 1 root root    9 Sep  5  2019 reboot.service -> /dev/null
-rw-r--r-- 1 root root  788 Sep  5  2019 rescue.service
lrwxrwxrwx 1 root root    9 Sep  5  2019 rmnologin.service -> /dev/null
lrwxrwxrwx 1 root root   15 Sep  5  2019 runlevel0.target -> poweroff.target
lrwxrwxrwx 1 root root   13 Sep  5  2019 runlevel1.target -> rescue.target
lrwxrwxrwx 1 root root   17 Sep  5  2019 runlevel2.target -> multi-user.target
lrwxrwxrwx 1 root root   17 Sep  5  2019 runlevel3.target -> multi-user.target
lrwxrwxrwx 1 root root   17 Sep  5  2019 runlevel4.target -> multi-user.target
lrwxrwxrwx 1 root root   16 Sep  5  2019 runlevel5.target -> graphical.target
lrwxrwxrwx 1 root root   13 Sep  5  2019 runlevel6.target -> reboot.target
lrwxrwxrwx 1 root root    9 Sep  5  2019 sendsigs.service -> /dev/null
-rw-r--r-- 1 root root 1.5K Sep  5  2019 serial-getty@.service
lrwxrwxrwx 1 root root    9 Sep  5  2019 single.service -> /dev/null
lrwxrwxrwx 1 root root    9 Sep  5  2019 stop-bootlogd.service -> /dev/null
lrwxrwxrwx 1 root root    9 Sep  5  2019 stop-bootlogd-single.service -> /dev/null
-rw-r--r-- 1 root root  554 Sep  5  2019 suspend-then-hibernate.target
-rw-r--r-- 1 root root  724 Sep  5  2019 systemd-ask-password-console.service
-rw-r--r-- 1 root root  752 Sep  5  2019 systemd-ask-password-wall.service
-rw-r--r-- 1 root root  752 Sep  5  2019 systemd-backlight@.service
-rw-r--r-- 1 root root  999 Sep  5  2019 systemd-binfmt.service
-rw-r--r-- 1 root root  537 Sep  5  2019 systemd-exit.service
-rw-r--r-- 1 root root  551 Sep  5  2019 systemd-fsckd.service
-rw-r--r-- 1 root root  540 Sep  5  2019 systemd-fsckd.socket
-rw-r--r-- 1 root root  714 Sep  5  2019 systemd-fsck-root.service
-rw-r--r-- 1 root root  715 Sep  5  2019 systemd-fsck@.service
-rw-r--r-- 1 root root  584 Sep  5  2019 systemd-halt.service
-rw-r--r-- 1 root root  671 Sep  5  2019 systemd-hibernate-resume@.service
-rw-r--r-- 1 root root  541 Sep  5  2019 systemd-hibernate.service
-rw-r--r-- 1 root root 1.1K Sep  5  2019 systemd-hostnamed.service
-rw-r--r-- 1 root root  818 Sep  5  2019 systemd-hwdb-update.service
-rw-r--r-- 1 root root  559 Sep  5  2019 systemd-hybrid-sleep.service
-rw-r--r-- 1 root root  551 Sep  5  2019 systemd-initctl.service
-rw-r--r-- 1 root root  686 Sep  5  2019 systemd-journald-audit.socket
-rw-r--r-- 1 root root 1.6K Sep  5  2019 systemd-journald.service
-rw-r--r-- 1 root root  771 Sep  5  2019 systemd-journal-flush.service
-rw-r--r-- 1 root root  597 Sep  5  2019 systemd-kexec.service
-rw-r--r-- 1 root root 1.1K Sep  5  2019 systemd-localed.service
-rw-r--r-- 1 root root 1.5K Sep  5  2019 systemd-logind.service
-rw-r--r-- 1 root root  733 Sep  5  2019 systemd-machine-id-commit.service
-rw-r--r-- 1 root root 1007 Sep  5  2019 systemd-modules-load.service
-rw-r--r-- 1 root root 1.9K Sep  5  2019 systemd-networkd.service
-rw-r--r-- 1 root root  740 Sep  5  2019 systemd-networkd-wait-online.service
-rw-r--r-- 1 root root  593 Sep  5  2019 systemd-poweroff.service
-rw-r--r-- 1 root root  655 Sep  5  2019 systemd-quotacheck.service
-rw-r--r-- 1 root root  792 Sep  5  2019 systemd-random-seed.service
-rw-r--r-- 1 root root  588 Sep  5  2019 systemd-reboot.service
-rw-r--r-- 1 root root  833 Sep  5  2019 systemd-remount-fs.service
-rw-r--r-- 1 root root 1.7K Sep  5  2019 systemd-resolved.service
-rw-r--r-- 1 root root  724 Sep  5  2019 systemd-rfkill.service
-rw-r--r-- 1 root root  537 Sep  5  2019 systemd-suspend.service
-rw-r--r-- 1 root root  573 Sep  5  2019 systemd-suspend-then-hibernate.service
-rw-r--r-- 1 root root  693 Sep  5  2019 systemd-sysctl.service
-rw-r--r-- 1 root root 1.1K Sep  5  2019 systemd-timedated.service
-rw-r--r-- 1 root root 1.4K Sep  5  2019 systemd-timesyncd.service
-rw-r--r-- 1 root root  659 Sep  5  2019 systemd-tmpfiles-clean.service
-rw-r--r-- 1 root root  764 Sep  5  2019 systemd-tmpfiles-setup-dev.service
-rw-r--r-- 1 root root  744 Sep  5  2019 systemd-tmpfiles-setup.service
-rw-r--r-- 1 root root  985 Sep  5  2019 systemd-udevd.service
-rw-r--r-- 1 root root  863 Sep  5  2019 systemd-udev-settle.service
-rw-r--r-- 1 root root  755 Sep  5  2019 systemd-udev-trigger.service
-rw-r--r-- 1 root root  797 Sep  5  2019 systemd-update-utmp-runlevel.service
-rw-r--r-- 1 root root  794 Sep  5  2019 systemd-update-utmp.service
-rw-r--r-- 1 root root  628 Sep  5  2019 systemd-user-sessions.service
-rw-r--r-- 1 root root  690 Sep  5  2019 systemd-volatile-root.service
-rw-r--r-- 1 root root 1.4K Sep  5  2019 system-update-cleanup.service
lrwxrwxrwx 1 root root   21 Sep  5  2019 udev.service -> systemd-udevd.service
lrwxrwxrwx 1 root root    9 Sep  5  2019 umountfs.service -> /dev/null
lrwxrwxrwx 1 root root    9 Sep  5  2019 umountnfs.service -> /dev/null
lrwxrwxrwx 1 root root    9 Sep  5  2019 umountroot.service -> /dev/null
lrwxrwxrwx 1 root root   27 Sep  5  2019 urandom.service -> systemd-random-seed.service
-rw-r--r-- 1 root root  593 Sep  5  2019 user@.service
lrwxrwxrwx 1 root root    9 Sep  5  2019 x11-common.service -> /dev/null
-rw-r--r-- 1 root root  254 Aug 15  2019 thermald.service
lrwxrwxrwx 1 root root    9 Aug  5  2019 screen-cleanup.service -> /dev/null
drwxr-xr-x 2 root root 4.0K Aug  5  2019 halt.target.wants
drwxr-xr-x 2 root root 4.0K Aug  5  2019 initrd-switch-root.target.wants
drwxr-xr-x 2 root root 4.0K Aug  5  2019 kexec.target.wants
drwxr-xr-x 2 root root 4.0K Aug  5  2019 poweroff.target.wants
drwxr-xr-x 2 root root 4.0K Aug  5  2019 reboot.target.wants
-rw-r--r-- 1 root root  342 Jul 22  2019 getty-static.service
-rw-r--r-- 1 root root  362 Jul 22  2019 ondemand.service
-rw-r--r-- 1 root root  161 Jul  8  2019 motd-news.timer
-rw-r--r-- 1 root root  505 Jun 10  2019 dbus.service
-rw-r--r-- 1 root root  106 Jun 10  2019 dbus.socket
-rw-r--r-- 1 root root  340 Jun  5  2019 snapd.autoimport.service
-rw-r--r-- 1 root root  320 Jun  5  2019 snapd.core-fixup.service
-rw-r--r-- 1 root root  172 Jun  5  2019 snapd.failure.service
-rw-r--r-- 1 root root  322 Jun  5  2019 snapd.seeded.service
-rw-r--r-- 1 root root  477 Jun  5  2019 snapd.service
-rw-r--r-- 1 root root  372 Jun  5  2019 snapd.snap-repair.service
-rw-r--r-- 1 root root  281 Jun  5  2019 snapd.snap-repair.timer
-rw-r--r-- 1 root root  281 Jun  5  2019 snapd.socket
-rw-r--r-- 1 root root  521 Jun  5  2019 snapd.system-shutdown.service
-rw-r--r-- 1 root root  383 Jun  4  2019 blk-availability.service
-rw-r--r-- 1 root root  341 Jun  4  2019 dm-event.service
-rw-r--r-- 1 root root  248 Jun  4  2019 dm-event.socket
-rw-r--r-- 1 root root  345 Jun  4  2019 lvm2-lvmetad.service
-rw-r--r-- 1 root root  215 Jun  4  2019 lvm2-lvmetad.socket
-rw-r--r-- 1 root root  300 Jun  4  2019 lvm2-lvmpolld.service
-rw-r--r-- 1 root root  213 Jun  4  2019 lvm2-lvmpolld.socket
-rw-r--r-- 1 root root  693 Jun  4  2019 lvm2-monitor.service
-rw-r--r-- 1 root root  403 Jun  4  2019 lvm2-pvscan@.service
lrwxrwxrwx 1 root root    9 Jun  4  2019 lvm2.service -> /dev/null
-rw-r--r-- 1 root root  466 May 14  2019 open-vm-tools.service
-rw-r--r-- 1 root root  385 May 14  2019 vgauth.service
-rw-r--r-- 1 root root  418 May 11  2019 cloud-config.service
-rw-r--r-- 1 root root  482 May 11  2019 cloud-final.service
-rw-r--r-- 1 root root  580 May 11  2019 cloud-init-local.service
-rw-r--r-- 1 root root  642 May 11  2019 cloud-init.service
-rw-r--r-- 1 root root  536 May 10  2019 cloud-config.target
-rw-r--r-- 1 root root  256 May 10  2019 cloud-init.target
-rw-r--r-- 1 root root  289 May  9  2019 netplan-wpa@.service
-rw-r--r-- 1 root root  326 May  7  2019 apt-daily.service
-rw-r--r-- 1 root root  156 May  7  2019 apt-daily.timer
-rw-r--r-- 1 root root  238 May  7  2019 apt-daily-upgrade.service
-rw-r--r-- 1 root root  184 May  7  2019 apt-daily-upgrade.timer
-rw-r--r-- 1 root root  372 Apr 29  2019 unattended-upgrades.service
-rw-r--r-- 1 root root  312 Apr 23  2019 console-setup.service
-rw-r--r-- 1 root root  287 Apr 23  2019 keyboard-setup.service
-rw-r--r-- 1 root root  330 Apr 23  2019 setvtrgb.service
-rw-r--r-- 1 root root  481 Apr 10  2019 mdadm-grow-continue@.service
-rw-r--r-- 1 root root  210 Apr 10  2019 mdadm-last-resort@.service
-rw-r--r-- 1 root root  179 Apr 10  2019 mdadm-last-resort@.timer
lrwxrwxrwx 1 root root    9 Apr 10  2019 mdadm.service -> /dev/null
-rw-r--r-- 1 root root  670 Apr 10  2019 mdadm-shutdown.service
lrwxrwxrwx 1 root root    9 Apr 10  2019 mdadm-waitidle.service -> /dev/null
-rw-r--r-- 1 root root  388 Apr 10  2019 mdmonitor.service
-rw-r--r-- 1 root root 1.1K Apr 10  2019 mdmon@.service
-rw-r--r-- 1 root root  404 Apr  9  2019 ureadahead.service
-rw-r--r-- 1 root root  250 Apr  9  2019 ureadahead-stop.service
-rw-r--r-- 1 root root  242 Apr  9  2019 ureadahead-stop.timer
-rw-r--r-- 1 root root  412 Apr  4  2019 plymouth-halt.service
-rw-r--r-- 1 root root  426 Apr  4  2019 plymouth-kexec.service
lrwxrwxrwx 1 root root   27 Apr  4  2019 plymouth-log.service -> plymouth-read-write.service
-rw-r--r-- 1 root root  421 Apr  4  2019 plymouth-poweroff.service
-rw-r--r-- 1 root root  194 Apr  4  2019 plymouth-quit.service
-rw-r--r-- 1 root root  200 Apr  4  2019 plymouth-quit-wait.service
-rw-r--r-- 1 root root  244 Apr  4  2019 plymouth-read-write.service
-rw-r--r-- 1 root root  416 Apr  4  2019 plymouth-reboot.service
lrwxrwxrwx 1 root root   21 Apr  4  2019 plymouth.service -> plymouth-quit.service
-rw-r--r-- 1 root root  532 Apr  4  2019 plymouth-start.service
-rw-r--r-- 1 root root  291 Apr  4  2019 plymouth-switch-root.service
-rw-r--r-- 1 root root  490 Apr  4  2019 systemd-ask-password-plymouth.path
-rw-r--r-- 1 root root  467 Apr  4  2019 systemd-ask-password-plymouth.service
-rw-r--r-- 1 root root  463 Mar 28  2019 iscsid.service
-rw-r--r-- 1 root root  242 Feb  6  2019 apport-autoreport.service
-rw-r--r-- 1 root root  368 Jan  9  2019 irqbalance.service
-rw-r--r-- 1 root root  175 Dec 12  2018 iscsid.socket
-rw-r--r-- 1 root root  987 Dec 12  2018 open-iscsi.service
-rw-r--r-- 1 root root  605 Nov 23  2018 lxd.service
-rw-r--r-- 1 root root  320 Nov 23  2018 lxd-containers.service
-rw-r--r-- 1 root root  197 Nov 23  2018 lxd.socket
-rw-r--r-- 1 root root  311 Nov 23  2018 lxcfs.service
-rw-r--r-- 1 root root   92 Oct 15  2018 fstrim.service
-rw-r--r-- 1 root root  170 Oct 15  2018 fstrim.timer
-rw-r--r-- 1 root root  189 Oct 15  2018 uuidd.service
-rw-r--r-- 1 root root  126 Oct 15  2018 uuidd.socket
-rw-r--r-- 1 root root  618 Oct 15  2018 friendly-recovery.service
-rw-r--r-- 1 root root  172 Oct 15  2018 friendly-recovery.target
-rw-r--r-- 1 root root  258 Oct 15  2018 networkd-dispatcher.service
-rw-r--r-- 1 root root  173 Aug  6  2018 motd-news.service
-rw-r--r-- 1 root root  212 Jul 10  2018 apport-autoreport.path
-rw-r--r-- 1 root root  456 Jun 28  2018 ebtables.service
-rw-r--r-- 1 root root  309 May 30  2018 pollinate.service
-rw-r--r-- 1 root root  290 Apr 24  2018 rsyslog.service
drwxr-xr-x 2 root root 4.0K Apr 20  2018 runlevel1.target.wants
drwxr-xr-x 2 root root 4.0K Apr 20  2018 runlevel2.target.wants
drwxr-xr-x 2 root root 4.0K Apr 20  2018 runlevel3.target.wants
drwxr-xr-x 2 root root 4.0K Apr 20  2018 runlevel4.target.wants
drwxr-xr-x 2 root root 4.0K Apr 20  2018 runlevel5.target.wants
-rw-r--r-- 1 root root  175 Mar 27  2018 polkit.service
-rw-r--r-- 1 root root  544 Mar 22  2018 apparmor.service
-rw-r--r-- 1 root root  169 Feb 20  2018 atd.service
-rw-r--r-- 1 root root  919 Jan 28  2018 basic.target
-rw-r--r-- 1 root root  419 Jan 28  2018 bluetooth.target
-rw-r--r-- 1 root root  465 Jan 28  2018 cryptsetup-pre.target
-rw-r--r-- 1 root root  412 Jan 28  2018 cryptsetup.target
-rw-r--r-- 1 root root  750 Jan 28  2018 dev-hugepages.mount
-rw-r--r-- 1 root root  665 Jan 28  2018 dev-mqueue.mount
-rw-r--r-- 1 root root  471 Jan 28  2018 emergency.target
-rw-r--r-- 1 root root  541 Jan 28  2018 exit.target
-rw-r--r-- 1 root root  480 Jan 28  2018 final.target
-rw-r--r-- 1 root root  506 Jan 28  2018 getty-pre.target
-rw-r--r-- 1 root root  500 Jan 28  2018 getty.target
-rw-r--r-- 1 root root  598 Jan 28  2018 graphical.target
-rw-r--r-- 1 root root  527 Jan 28  2018 halt.target
-rw-r--r-- 1 root root  509 Jan 28  2018 hibernate.target
-rw-r--r-- 1 root root  530 Jan 28  2018 hybrid-sleep.target
-rw-r--r-- 1 root root  593 Jan 28  2018 initrd-fs.target
-rw-r--r-- 1 root root  561 Jan 28  2018 initrd-root-device.target
-rw-r--r-- 1 root root  566 Jan 28  2018 initrd-root-fs.target
-rw-r--r-- 1 root root  754 Jan 28  2018 initrd-switch-root.target
-rw-r--r-- 1 root root  763 Jan 28  2018 initrd.target
-rw-r--r-- 1 root root  541 Jan 28  2018 kexec.target
-rw-r--r-- 1 root root  435 Jan 28  2018 local-fs-pre.target
-rw-r--r-- 1 root root  547 Jan 28  2018 local-fs.target
-rw-r--r-- 1 root root  445 Jan 28  2018 machine.slice
-rw-r--r-- 1 root root  532 Jan 28  2018 multi-user.target
-rw-r--r-- 1 root root  505 Jan 28  2018 network-online.target
-rw-r--r-- 1 root root  502 Jan 28  2018 network-pre.target
-rw-r--r-- 1 root root  521 Jan 28  2018 network.target
-rw-r--r-- 1 root root  554 Jan 28  2018 nss-lookup.target
-rw-r--r-- 1 root root  513 Jan 28  2018 nss-user-lookup.target
-rw-r--r-- 1 root root  394 Jan 28  2018 paths.target
-rw-r--r-- 1 root root  592 Jan 28  2018 poweroff.target
-rw-r--r-- 1 root root  417 Jan 28  2018 printer.target
-rw-r--r-- 1 root root  745 Jan 28  2018 proc-sys-fs-binfmt_misc.automount
-rw-r--r-- 1 root root  655 Jan 28  2018 proc-sys-fs-binfmt_misc.mount
-rw-r--r-- 1 root root  583 Jan 28  2018 reboot.target
-rw-r--r-- 1 root root  549 Jan 28  2018 remote-cryptsetup.target
-rw-r--r-- 1 root root  436 Jan 28  2018 remote-fs-pre.target
-rw-r--r-- 1 root root  522 Jan 28  2018 remote-fs.target
-rw-r--r-- 1 root root  492 Jan 28  2018 rescue.target
-rw-r--r-- 1 root root  540 Jan 28  2018 rpcbind.target
-rw-r--r-- 1 root root  442 Jan 28  2018 shutdown.target
-rw-r--r-- 1 root root  402 Jan 28  2018 sigpwr.target
-rw-r--r-- 1 root root  460 Jan 28  2018 sleep.target
-rw-r--r-- 1 root root  449 Jan 28  2018 slices.target
-rw-r--r-- 1 root root  420 Jan 28  2018 smartcard.target
-rw-r--r-- 1 root root  396 Jan 28  2018 sockets.target
-rw-r--r-- 1 root root  420 Jan 28  2018 sound.target
-rw-r--r-- 1 root root  503 Jan 28  2018 suspend.target
-rw-r--r-- 1 root root  393 Jan 28  2018 swap.target
-rw-r--r-- 1 root root  795 Jan 28  2018 sys-fs-fuse-connections.mount
-rw-r--r-- 1 root root  558 Jan 28  2018 sysinit.target
-rw-r--r-- 1 root root  767 Jan 28  2018 sys-kernel-config.mount
-rw-r--r-- 1 root root  710 Jan 28  2018 sys-kernel-debug.mount
-rw-r--r-- 1 root root 1.4K Jan 28  2018 syslog.socket
-rw-r--r-- 1 root root  704 Jan 28  2018 systemd-ask-password-console.path
-rw-r--r-- 1 root root  632 Jan 28  2018 systemd-ask-password-wall.path
-rw-r--r-- 1 root root  564 Jan 28  2018 systemd-initctl.socket
-rw-r--r-- 1 root root 1.2K Jan 28  2018 systemd-journald-dev-log.socket
-rw-r--r-- 1 root root  882 Jan 28  2018 systemd-journald.socket
-rw-r--r-- 1 root root  631 Jan 28  2018 systemd-networkd.socket
-rw-r--r-- 1 root root  657 Jan 28  2018 systemd-rfkill.socket
-rw-r--r-- 1 root root  490 Jan 28  2018 systemd-tmpfiles-clean.timer
-rw-r--r-- 1 root root  635 Jan 28  2018 systemd-udevd-control.socket
-rw-r--r-- 1 root root  610 Jan 28  2018 systemd-udevd-kernel.socket
-rw-r--r-- 1 root root  445 Jan 28  2018 system.slice
-rw-r--r-- 1 root root  592 Jan 28  2018 system-update.target
-rw-r--r-- 1 root root  445 Jan 28  2018 timers.target
-rw-r--r-- 1 root root  435 Jan 28  2018 time-sync.target
-rw-r--r-- 1 root root  457 Jan 28  2018 umount.target
-rw-r--r-- 1 root root  432 Jan 28  2018 user.slice
-rw-r--r-- 1 root root  493 Jan 25  2018 ssh.service
-rw-r--r-- 1 root root  244 Jan 25  2018 ssh@.service
lrwxrwxrwx 1 root root    9 Jan 18  2018 sudo.service -> /dev/null
-rw-r--r-- 1 root root  216 Jan 16  2018 ssh.socket
-rw-r--r-- 1 root root  741 Dec 18  2017 accounts-daemon.service
-rw-r--r-- 1 root root  246 Nov 20  2017 apport-forward.socket
-rw-r--r-- 1 root root  142 Nov 20  2017 apport-forward@.service
-rw-r--r-- 1 root root  251 Nov 16  2017 cron.service
-rw-r--r-- 1 root root  266 Aug 15  2017 ufw.service
-rw-r--r-- 1 root root  115 Apr 22  2017 acpid.path
-rw-r--r-- 1 root root  234 Apr 22  2017 acpid.service
-rw-r--r-- 1 root root  115 Apr 22  2017 acpid.socket
-rw-r--r-- 1 root root  626 Nov 28  2016 ifup@.service
-rw-r--r-- 1 root root  735 Nov 25  2016 networking.service
-rw-r--r-- 1 root root  188 Feb 24  2014 rsync.service

/lib/systemd/system/multi-user.target.wants:
total 0
lrwxrwxrwx 1 root root 15 Sep  5  2019 getty.target -> ../getty.target
lrwxrwxrwx 1 root root 33 Sep  5  2019 systemd-ask-password-wall.path -> ../systemd-ask-password-wall.path
lrwxrwxrwx 1 root root 25 Sep  5  2019 systemd-logind.service -> ../systemd-logind.service
lrwxrwxrwx 1 root root 39 Sep  5  2019 systemd-update-utmp-runlevel.service -> ../systemd-update-utmp-runlevel.service
lrwxrwxrwx 1 root root 32 Sep  5  2019 systemd-user-sessions.service -> ../systemd-user-sessions.service
lrwxrwxrwx 1 root root 15 Jun 10  2019 dbus.service -> ../dbus.service
lrwxrwxrwx 1 root root 24 Apr  4  2019 plymouth-quit.service -> ../plymouth-quit.service
lrwxrwxrwx 1 root root 29 Apr  4  2019 plymouth-quit-wait.service -> ../plymouth-quit-wait.service

/lib/systemd/system/rescue.target.wants:
total 0
lrwxrwxrwx 1 root root 39 Sep  5  2019 systemd-update-utmp-runlevel.service -> ../systemd-update-utmp-runlevel.service

/lib/systemd/system/sockets.target.wants:
total 0
lrwxrwxrwx 1 root root 25 Sep  5  2019 systemd-initctl.socket -> ../systemd-initctl.socket
lrwxrwxrwx 1 root root 32 Sep  5  2019 systemd-journald-audit.socket -> ../systemd-journald-audit.socket
lrwxrwxrwx 1 root root 34 Sep  5  2019 systemd-journald-dev-log.socket -> ../systemd-journald-dev-log.socket
lrwxrwxrwx 1 root root 26 Sep  5  2019 systemd-journald.socket -> ../systemd-journald.socket
lrwxrwxrwx 1 root root 31 Sep  5  2019 systemd-udevd-control.socket -> ../systemd-udevd-control.socket
lrwxrwxrwx 1 root root 30 Sep  5  2019 systemd-udevd-kernel.socket -> ../systemd-udevd-kernel.socket
lrwxrwxrwx 1 root root 14 Jun 10  2019 dbus.socket -> ../dbus.socket

/lib/systemd/system/sysinit.target.wants:
total 0
lrwxrwxrwx 1 root root 20 Sep  5  2019 cryptsetup.target -> ../cryptsetup.target
lrwxrwxrwx 1 root root 22 Sep  5  2019 dev-hugepages.mount -> ../dev-hugepages.mount
lrwxrwxrwx 1 root root 19 Sep  5  2019 dev-mqueue.mount -> ../dev-mqueue.mount
lrwxrwxrwx 1 root root 28 Sep  5  2019 kmod-static-nodes.service -> ../kmod-static-nodes.service
lrwxrwxrwx 1 root root 36 Sep  5  2019 proc-sys-fs-binfmt_misc.automount -> ../proc-sys-fs-binfmt_misc.automount
lrwxrwxrwx 1 root root 32 Sep  5  2019 sys-fs-fuse-connections.mount -> ../sys-fs-fuse-connections.mount
lrwxrwxrwx 1 root root 26 Sep  5  2019 sys-kernel-config.mount -> ../sys-kernel-config.mount
lrwxrwxrwx 1 root root 25 Sep  5  2019 sys-kernel-debug.mount -> ../sys-kernel-debug.mount
lrwxrwxrwx 1 root root 36 Sep  5  2019 systemd-ask-password-console.path -> ../systemd-ask-password-console.path
lrwxrwxrwx 1 root root 25 Sep  5  2019 systemd-binfmt.service -> ../systemd-binfmt.service
lrwxrwxrwx 1 root root 30 Sep  5  2019 systemd-hwdb-update.service -> ../systemd-hwdb-update.service
lrwxrwxrwx 1 root root 27 Sep  5  2019 systemd-journald.service -> ../systemd-journald.service
lrwxrwxrwx 1 root root 32 Sep  5  2019 systemd-journal-flush.service -> ../systemd-journal-flush.service
lrwxrwxrwx 1 root root 36 Sep  5  2019 systemd-machine-id-commit.service -> ../systemd-machine-id-commit.service
lrwxrwxrwx 1 root root 31 Sep  5  2019 systemd-modules-load.service -> ../systemd-modules-load.service
lrwxrwxrwx 1 root root 30 Sep  5  2019 systemd-random-seed.service -> ../systemd-random-seed.service
lrwxrwxrwx 1 root root 25 Sep  5  2019 systemd-sysctl.service -> ../systemd-sysctl.service
lrwxrwxrwx 1 root root 37 Sep  5  2019 systemd-tmpfiles-setup-dev.service -> ../systemd-tmpfiles-setup-dev.service
lrwxrwxrwx 1 root root 33 Sep  5  2019 systemd-tmpfiles-setup.service -> ../systemd-tmpfiles-setup.service
lrwxrwxrwx 1 root root 24 Sep  5  2019 systemd-udevd.service -> ../systemd-udevd.service
lrwxrwxrwx 1 root root 31 Sep  5  2019 systemd-udev-trigger.service -> ../systemd-udev-trigger.service
lrwxrwxrwx 1 root root 30 Sep  5  2019 systemd-update-utmp.service -> ../systemd-update-utmp.service
lrwxrwxrwx 1 root root 30 Apr  4  2019 plymouth-read-write.service -> ../plymouth-read-write.service
lrwxrwxrwx 1 root root 25 Apr  4  2019 plymouth-start.service -> ../plymouth-start.service

/lib/systemd/system/timers.target.wants:
total 0
lrwxrwxrwx 1 root root 31 Sep  5  2019 systemd-tmpfiles-clean.timer -> ../systemd-tmpfiles-clean.timer

/lib/systemd/system/getty.target.wants:
total 0
lrwxrwxrwx 1 root root 23 Sep  5  2019 getty-static.service -> ../getty-static.service

/lib/systemd/system/graphical.target.wants:
total 0
lrwxrwxrwx 1 root root 39 Sep  5  2019 systemd-update-utmp-runlevel.service -> ../systemd-update-utmp-runlevel.service

/lib/systemd/system/local-fs.target.wants:
total 0
lrwxrwxrwx 1 root root 29 Sep  5  2019 systemd-remount-fs.service -> ../systemd-remount-fs.service

/lib/systemd/system/rc-local.service.d:
total 4.0K
-rw-r--r-- 1 root root 290 Jul 22  2019 debian.conf

/lib/systemd/system/user@.service.d:
total 4.0K
-rw-r--r-- 1 root root 125 Jul 22  2019 timeout.conf

/lib/systemd/system/halt.target.wants:
total 0
lrwxrwxrwx 1 root root 24 Apr  4  2019 plymouth-halt.service -> ../plymouth-halt.service

/lib/systemd/system/initrd-switch-root.target.wants:
total 0
lrwxrwxrwx 1 root root 25 Apr  4  2019 plymouth-start.service -> ../plymouth-start.service
lrwxrwxrwx 1 root root 31 Apr  4  2019 plymouth-switch-root.service -> ../plymouth-switch-root.service

/lib/systemd/system/kexec.target.wants:
total 0
lrwxrwxrwx 1 root root 25 Apr  4  2019 plymouth-kexec.service -> ../plymouth-kexec.service

/lib/systemd/system/poweroff.target.wants:
total 0
lrwxrwxrwx 1 root root 28 Apr  4  2019 plymouth-poweroff.service -> ../plymouth-poweroff.service

/lib/systemd/system/reboot.target.wants:
total 0
lrwxrwxrwx 1 root root 26 Apr  4  2019 plymouth-reboot.service -> ../plymouth-reboot.service

/lib/systemd/system/runlevel1.target.wants:
total 0

/lib/systemd/system/runlevel2.target.wants:
total 0

/lib/systemd/system/runlevel3.target.wants:
total 0

/lib/systemd/system/runlevel4.target.wants:
total 0

/lib/systemd/system/runlevel5.target.wants:
total 0

/lib/systemd/system-generators:
total 240K
-rwxr-xr-x 1 root root  23K Sep  5  2019 systemd-cryptsetup-generator
-rwxr-xr-x 1 root root  10K Sep  5  2019 systemd-debug-generator
-rwxr-xr-x 1 root root  31K Sep  5  2019 systemd-fstab-generator
-rwxr-xr-x 1 root root  14K Sep  5  2019 systemd-getty-generator
-rwxr-xr-x 1 root root  26K Sep  5  2019 systemd-gpt-auto-generator
-rwxr-xr-x 1 root root  10K Sep  5  2019 systemd-hibernate-resume-generator
-rwxr-xr-x 1 root root  10K Sep  5  2019 systemd-rc-local-generator
-rwxr-xr-x 1 root root  10K Sep  5  2019 systemd-system-update-generator
-rwxr-xr-x 1 root root  31K Sep  5  2019 systemd-sysv-generator
-rwxr-xr-x 1 root root  14K Sep  5  2019 systemd-veritysetup-generator
-rwxr-xr-x 1 root root  286 Jun 21  2019 friendly-recovery
-rwxr-xr-x 1 root root  19K Jun  5  2019 snapd-generator
-rwxr-xr-x 1 root root  11K Jun  4  2019 lvm2-activation-generator
-rwxr-xr-x 1 root root 4.8K May 11  2019 cloud-init-generator
lrwxrwxrwx 1 root root   22 May  9  2019 netplan -> ../../netplan/generate

/lib/systemd/system-preset:
total 4.0K
-rw-r--r-- 1 root root 951 Jan 28  2018 90-systemd.preset

/lib/systemd/network:
total 16K
-rw-r--r-- 1 root root 645 Jan 28  2018 80-container-host0.network
-rw-r--r-- 1 root root 718 Jan 28  2018 80-container-ve.network
-rw-r--r-- 1 root root 704 Jan 28  2018 80-container-vz.network
-rw-r--r-- 1 root root 412 Jan 28  2018 99-default.link

/lib/systemd/system-sleep:
total 8.0K
-rwxr-xr-x 1 root root 219 Apr 29  2019 unattended-upgrades
-rwxr-xr-x 1 root root  92 Feb 22  2018 hdparm

/lib/systemd/system-shutdown:
total 4.0K
-rwxr-xr-x 1 root root 160 Apr 10  2019 mdadm.shutdown


[00;33m### SOFTWARE #############################################[00m
[00;31m[-] Sudo version:[00m
Sudo version 1.8.21p2


[00;33m### INTERESTING FILES ####################################[00m
[00;31m[-] Useful file locations:[00m
/bin/nc
/bin/netcat
/usr/bin/wget
/usr/bin/curl


[00;31m[-] Can we read/write sensitive files:[00m
-rw-r--r-- 1 root root 1561 Sep 24 22:09 /etc/passwd
-rw-r--r-- 1 root root 695 Dec  2 09:52 /etc/group
-rw-r--r-- 1 root root 581 Apr  9  2018 /etc/profile
-rw-r----- 1 root shadow 1026 Nov 26 15:12 /etc/shadow


[00;31m[-] SUID files:[00m
-rwsr-xr-x 1 root root 40152 May 15  2019 /snap/core/7713/bin/mount
-rwsr-xr-x 1 root root 44168 May  7  2014 /snap/core/7713/bin/ping
-rwsr-xr-x 1 root root 44680 May  7  2014 /snap/core/7713/bin/ping6
-rwsr-xr-x 1 root root 40128 Mar 25  2019 /snap/core/7713/bin/su
-rwsr-xr-x 1 root root 27608 May 15  2019 /snap/core/7713/bin/umount
-rwsr-xr-x 1 root root 71824 Mar 25  2019 /snap/core/7713/usr/bin/chfn
-rwsr-xr-x 1 root root 40432 Mar 25  2019 /snap/core/7713/usr/bin/chsh
-rwsr-xr-x 1 root root 75304 Mar 25  2019 /snap/core/7713/usr/bin/gpasswd
-rwsr-xr-x 1 root root 39904 Mar 25  2019 /snap/core/7713/usr/bin/newgrp
-rwsr-xr-x 1 root root 54256 Mar 25  2019 /snap/core/7713/usr/bin/passwd
-rwsr-xr-x 1 root root 136808 Jun 10  2019 /snap/core/7713/usr/bin/sudo
-rwsr-xr-- 1 root systemd-resolve 42992 Jun 10  2019 /snap/core/7713/usr/lib/dbus-1.0/dbus-daemon-launch-helper
-rwsr-xr-x 1 root root 428240 Mar  4  2019 /snap/core/7713/usr/lib/openssh/ssh-keysign
-rwsr-sr-x 1 root root 106696 Aug 30  2019 /snap/core/7713/usr/lib/snapd/snap-confine
-rwsr-xr-- 1 root dip 394984 Jun 12  2018 /snap/core/7713/usr/sbin/pppd
-rwsr-xr-x 1 root root 40152 Oct 10 09:34 /snap/core/8039/bin/mount
-rwsr-xr-x 1 root root 44168 May  7  2014 /snap/core/8039/bin/ping
-rwsr-xr-x 1 root root 44680 May  7  2014 /snap/core/8039/bin/ping6
-rwsr-xr-x 1 root root 40128 Mar 25  2019 /snap/core/8039/bin/su
-rwsr-xr-x 1 root root 27608 Oct 10 09:34 /snap/core/8039/bin/umount
-rwsr-xr-x 1 root root 71824 Mar 25  2019 /snap/core/8039/usr/bin/chfn
-rwsr-xr-x 1 root root 40432 Mar 25  2019 /snap/core/8039/usr/bin/chsh
-rwsr-xr-x 1 root root 75304 Mar 25  2019 /snap/core/8039/usr/bin/gpasswd
-rwsr-xr-x 1 root root 39904 Mar 25  2019 /snap/core/8039/usr/bin/newgrp
-rwsr-xr-x 1 root root 54256 Mar 25  2019 /snap/core/8039/usr/bin/passwd
-rwsr-xr-x 1 root root 136808 Oct 11 12:01 /snap/core/8039/usr/bin/sudo
-rwsr-xr-- 1 root systemd-resolve 42992 Jun 10  2019 /snap/core/8039/usr/lib/dbus-1.0/dbus-daemon-launch-helper
-rwsr-xr-x 1 root root 428240 Mar  4  2019 /snap/core/8039/usr/lib/openssh/ssh-keysign
-rwsr-sr-x 1 root root 106696 Oct 30 12:39 /snap/core/8039/usr/lib/snapd/snap-confine
-rwsr-xr-- 1 root dip 394984 Jun 12  2018 /snap/core/8039/usr/sbin/pppd
-rwsr-xr-x 1 root root 64424 Jun 28  2019 /bin/ping
-rwsr-xr-x 1 root root 43088 Oct 15  2018 /bin/mount
-rwsr-xr-x 1 root root 30800 Aug 11  2016 /bin/fusermount
-rwsr-xr-x 1 root root 44664 Mar 22  2019 /bin/su
-rwsr-xr-x 1 root root 26696 Oct 15  2018 /bin/umount
-rwsr-xr-- 1 root messagebus 42992 Jun 10  2019 /usr/lib/dbus-1.0/dbus-daemon-launch-helper
-rwsr-xr-x 1 root root 100760 Nov 23  2018 /usr/lib/x86_64-linux-gnu/lxc/lxc-user-nic
-rwsr-xr-x 1 root root 14328 Mar 27  2019 /usr/lib/policykit-1/polkit-agent-helper-1
-rwsr-xr-x 1 root root 10232 Mar 28  2017 /usr/lib/eject/dmcrypt-get-device
-rwsr-xr-x 1 root root 436552 Mar  4  2019 /usr/lib/openssh/ssh-keysign
-rwsr-sr-x 1 root root 105336 Jun  5  2019 /usr/lib/snapd/snap-confine
-rwsr-xr-x 1 root root 40344 Mar 22  2019 /usr/bin/newgrp
-rwsr-xr-x 1 root root 22520 Mar 27  2019 /usr/bin/pkexec
-rwsr-xr-x 1 root root 76496 Mar 22  2019 /usr/bin/chfn
-rwsr-sr-x 1 daemon daemon 51464 Feb 20  2018 /usr/bin/at
-rwsr-xr-x 1 root root 75824 Mar 22  2019 /usr/bin/gpasswd
-rwsr-xr-x 1 root root 44528 Mar 22  2019 /usr/bin/chsh
-rwsr-xr-x 1 root root 18448 Jun 28  2019 /usr/bin/traceroute6.iputils
-rwsr-xr-x 1 root root 149080 Jan 18  2018 /usr/bin/sudo
-rwsr-xr-x 1 root root 37136 Mar 22  2019 /usr/bin/newuidmap
-rwsr-xr-x 1 root root 59640 Mar 22  2019 /usr/bin/passwd
-rwsr-xr-x 1 root root 37136 Mar 22  2019 /usr/bin/newgidmap


[00;31m[-] SGID files:[00m
-rwxr-sr-x 1 root shadow 35632 Apr  9  2018 /snap/core/7713/sbin/pam_extrausers_chkpwd
-rwxr-sr-x 1 root shadow 35600 Apr  9  2018 /snap/core/7713/sbin/unix_chkpwd
-rwxr-sr-x 1 root shadow 62336 Mar 25  2019 /snap/core/7713/usr/bin/chage
-rwxr-sr-x 1 root systemd-network 36080 Apr  5  2016 /snap/core/7713/usr/bin/crontab
-rwxr-sr-x 1 root mail 14856 Dec  7  2013 /snap/core/7713/usr/bin/dotlockfile
-rwxr-sr-x 1 root shadow 22768 Mar 25  2019 /snap/core/7713/usr/bin/expiry
-rwxr-sr-x 3 root mail 14592 Dec  3  2012 /snap/core/7713/usr/bin/mail-lock
-rwxr-sr-x 3 root mail 14592 Dec  3  2012 /snap/core/7713/usr/bin/mail-touchlock
-rwxr-sr-x 3 root mail 14592 Dec  3  2012 /snap/core/7713/usr/bin/mail-unlock
-rwxr-sr-x 1 root crontab 358624 Mar  4  2019 /snap/core/7713/usr/bin/ssh-agent
-rwxr-sr-x 1 root tty 27368 May 15  2019 /snap/core/7713/usr/bin/wall
-rwsr-sr-x 1 root root 106696 Aug 30  2019 /snap/core/7713/usr/lib/snapd/snap-confine
-rwxr-sr-x 1 root shadow 35632 Apr  9  2018 /snap/core/8039/sbin/pam_extrausers_chkpwd
-rwxr-sr-x 1 root shadow 35600 Apr  9  2018 /snap/core/8039/sbin/unix_chkpwd
-rwxr-sr-x 1 root shadow 62336 Mar 25  2019 /snap/core/8039/usr/bin/chage
-rwxr-sr-x 1 root systemd-network 36080 Apr  5  2016 /snap/core/8039/usr/bin/crontab
-rwxr-sr-x 1 root mail 14856 Dec  7  2013 /snap/core/8039/usr/bin/dotlockfile
-rwxr-sr-x 1 root shadow 22768 Mar 25  2019 /snap/core/8039/usr/bin/expiry
-rwxr-sr-x 3 root mail 14592 Dec  3  2012 /snap/core/8039/usr/bin/mail-lock
-rwxr-sr-x 3 root mail 14592 Dec  3  2012 /snap/core/8039/usr/bin/mail-touchlock
-rwxr-sr-x 3 root mail 14592 Dec  3  2012 /snap/core/8039/usr/bin/mail-unlock
-rwxr-sr-x 1 root crontab 358624 Mar  4  2019 /snap/core/8039/usr/bin/ssh-agent
-rwxr-sr-x 1 root tty 27368 Oct 10 09:34 /snap/core/8039/usr/bin/wall
-rwsr-sr-x 1 root root 106696 Oct 30 12:39 /snap/core/8039/usr/lib/snapd/snap-confine
-rwxr-sr-x 1 root shadow 34816 Feb 27  2019 /sbin/unix_chkpwd
-rwxr-sr-x 1 root shadow 34816 Feb 27  2019 /sbin/pam_extrausers_chkpwd
-rwxr-sr-x 1 root utmp 10232 Mar 11  2016 /usr/lib/x86_64-linux-gnu/utempter/utempter
-rwsr-sr-x 1 root root 105336 Jun  5  2019 /usr/lib/snapd/snap-confine
-rwxr-sr-x 1 root tty 14328 Jan 17  2018 /usr/bin/bsd-write
-rwxr-sr-x 1 root crontab 39352 Nov 16  2017 /usr/bin/crontab
-rwsr-sr-x 1 daemon daemon 51464 Feb 20  2018 /usr/bin/at
-rwxr-sr-x 1 root tty 30800 Oct 15  2018 /usr/bin/wall
-rwxr-sr-x 1 root mlocate 43088 Mar  1  2018 /usr/bin/mlocate
-rwxr-sr-x 1 root shadow 71816 Mar 22  2019 /usr/bin/chage
-rwxr-sr-x 1 root shadow 22808 Mar 22  2019 /usr/bin/expiry
-rwxr-sr-x 1 root ssh 362640 Mar  4  2019 /usr/bin/ssh-agent


[00;31m[+] Files with POSIX capabilities set:[00m
/usr/bin/mtr-packet = cap_net_raw+ep


[-] Can't search *.conf files as no keyword was entered

[-] Can't search *.php files as no keyword was entered

[-] Can't search *.log files as no keyword was entered

[-] Can't search *.ini files as no keyword was entered

[00;31m[-] All *.conf files in /etc (recursive 1 level):[00m
-rw-r--r-- 1 root root 144 Sep 24 22:03 /etc/kernel-img.conf
-rw-r--r-- 1 root root 552 Apr  4  2018 /etc/pam.conf
-rw-r--r-- 1 root root 703 Aug 21  2017 /etc/logrotate.conf
-rw-r--r-- 1 root root 280 Jun 20  2014 /etc/fuse.conf
-rw-r--r-- 1 root root 5898 Aug  5  2019 /etc/ca-certificates.conf
-rw-r--r-- 1 root root 2683 Jan 17  2018 /etc/sysctl.conf
-rw-r--r-- 1 root root 100 Jun 25  2018 /etc/sos.conf
-rw-r--r-- 1 root root 1260 Feb 26  2018 /etc/ucf.conf
-rw-r--r-- 1 root root 92 Apr  9  2018 /etc/host.conf
-rw-r--r-- 1 root root 6920 Sep 20  2018 /etc/overlayroot.conf
-rw-r--r-- 1 root root 2969 Feb 28  2018 /etc/debconf.conf
-rw-r--r-- 1 root root 513 Aug  5  2019 /etc/nsswitch.conf
-rw-r--r-- 1 root root 14867 Oct 13  2016 /etc/ltrace.conf
-rw-r--r-- 1 root root 604 Aug 13  2017 /etc/deluser.conf
-rw-r--r-- 1 root root 4861 Feb 22  2018 /etc/hdparm.conf
-rw-r--r-- 1 root root 350 Aug  5  2019 /etc/popularity-contest.conf
-rw-r--r-- 1 root root 34 Jan 27  2016 /etc/ld.so.conf
-rw-r--r-- 1 root root 812 Mar 24  2018 /etc/mke2fs.conf
-rw-r--r-- 1 root root 3028 Aug  5  2019 /etc/adduser.conf
-rw-r--r-- 1 root root 191 Feb  7  2018 /etc/libaudit.conf
-rw-r--r-- 1 root root 403 Mar  1  2018 /etc/updatedb.conf
-rw-r--r-- 1 root root 1358 Jan 30  2018 /etc/rsyslog.conf
-rw-r--r-- 1 root root 2584 Feb  1  2018 /etc/gai.conf


[00;31m[-] Location and contents (if accessible) of .bash_history file(s):[00m
/home/robert/.bash_history


[00;31m[-] Any interesting mail in /var/mail:[00m
total 8
drwxrwsr-x  2 root mail 4096 Aug  5  2019 .
drwxr-xr-x 14 root root 4096 Sep 28 19:45 ..


[00;33m### SCAN COMPLETE ####################################[00m
