Arguments: 
  /home/zoey/.nvm/versions/node/v14.15.4/bin/node /usr/share/yarn/bin/yarn.js init

PATH: 
  /home/zoey/.yarn/bin:/home/zoey/.local/bin:/usr/sbin:/home/zoey/.nvm/versions/node/v14.15.4/bin:/home/zoey/.yarn/bin:/home/zoey/.local/bin:/usr/sbin:/usr/local/bin:/usr/bin:/bin:/usr/local/games:/usr/games

Yarn version: 
  1.22.5

Node version: 
  14.15.4

Platform: 
  linux x64

Trace: 
  Error: canceled
      at Interface.<anonymous> (/usr/share/yarn/lib/cli.js:137009:13)
      at Interface.emit (events.js:315:20)
      at Interface._ttyWrite (readline.js:875:16)
      at ReadStream.onkeypress (readline.js:213:10)
      at ReadStream.emit (events.js:315:20)
      at emitKeys (internal/readline/utils.js:345:14)
      at emitKeys.next (<anonymous>)
      at ReadStream.onData (readline.js:1144:36)
      at ReadStream.emit (events.js:315:20)
      at addChunk (internal/streams/readable.js:309:12)

npm manifest: 
  No manifest

yarn manifest: 
  No manifest

Lockfile: 
  No lockfile
